#
# There is insufficient memory for the Java Runtime Environment to continue.
# Native memory allocation (mmap) failed to map 174063616 bytes for committing reserved memory.
# Possible reasons:
#   The system is out of physical RAM or swap space
#   In 32 bit mode, the process size limit was hit
# Possible solutions:
#   Reduce memory load on the system
#   Increase physical memory or swap space
#   Check if swap backing store is full
#   Use 64 bit Java on a 64 bit OS
#   Decrease Java heap size (-Xmx/-Xms)
#   Decrease number of Java threads
#   Decrease Java thread stack sizes (-Xss)
#   Set larger code cache with -XX:ReservedCodeCacheSize=
# This output file may be truncated or incomplete.
#
#  Out of Memory Error (os_linux.cpp:2627), pid=741, tid=139700524709632
#
# JRE version: Java(TM) SE Runtime Environment (8.0_91-b14) (build 1.8.0_91-b14)
# Java VM: Java HotSpot(TM) 64-Bit Server VM (25.91-b14 mixed mode linux-amd64 compressed oops)
# Failed to write core dump. Core dumps have been disabled. To enable core dumping, try "ulimit -c unlimited" before starting Java again
#

---------------  T H R E A D  ---------------

Current thread (0x00007f0ea4080000):  VMThread [stack: 0x00007f0e90167000,0x00007f0e90268000] [id=807]

Stack: [0x00007f0e90167000,0x00007f0e90268000],  sp=0x00007f0e902660a0,  free space=1020k
Native frames: (J=compiled Java code, j=interpreted, Vv=VM code, C=native code)
V  [libjvm.so+0xabc18a]  VMError::report_and_die()+0x2ba
V  [libjvm.so+0x4fafeb]  report_vm_out_of_memory(char const*, int, unsigned long, VMErrorType, char const*)+0x8b
V  [libjvm.so+0x91cbb3]  os::Linux::commit_memory_impl(char*, unsigned long, bool)+0x103
V  [libjvm.so+0x91d109]  os::pd_commit_memory(char*, unsigned long, unsigned long, bool)+0x29
V  [libjvm.so+0x91740a]  os::commit_memory(char*, unsigned long, unsigned long, bool)+0x2a
V  [libjvm.so+0x98b033]  PSVirtualSpace::expand_by(unsigned long)+0x53
V  [libjvm.so+0x98c438]  PSYoungGen::resize_generation(unsigned long, unsigned long)+0xf8
V  [libjvm.so+0x98b592]  PSYoungGen::resize(unsigned long, unsigned long)+0x22
V  [libjvm.so+0x98886b]  PSScavenge::invoke_no_policy()+0xf3b
V  [libjvm.so+0x988ff1]  PSScavenge::invoke()+0x41
V  [libjvm.so+0x9408b0]  ParallelScavengeHeap::failed_mem_allocate(unsigned long)+0x70
V  [libjvm.so+0xabdba7]  VM_ParallelGCFailedAllocation::doit()+0x97
V  [libjvm.so+0xac55d5]  VM_Operation::evaluate()+0x55
V  [libjvm.so+0xac39aa]  VMThread::evaluate_operation(VM_Operation*)+0xba
V  [libjvm.so+0xac3d2e]  VMThread::loop()+0x1ce
V  [libjvm.so+0xac41a0]  VMThread::run()+0x70
V  [libjvm.so+0x91ef78]  java_start(Thread*)+0x108

VM_Operation (0x00007f0e6b0a6e80): ParallelGCFailedAllocation, mode: safepoint, requested by thread 0x00007f0ea41ae000


---------------  P R O C E S S  ---------------

Java Threads: ( => current thread )
  0x00007f0ea41b0800 JavaThread "pool-1-thread-4" [_thread_blocked, id=859, stack(0x00007f0e6ada6000,0x00007f0e6aea7000)]
  0x00007f0ea41af000 JavaThread "pool-1-thread-3" [_thread_blocked, id=858, stack(0x00007f0e6aea7000,0x00007f0e6afa8000)]
  0x00007f0ea41ae000 JavaThread "pool-1-thread-2" [_thread_blocked, id=857, stack(0x00007f0e6afa8000,0x00007f0e6b0a9000)]
  0x00007f0ea41ab000 JavaThread "pool-2-thread-1" [_thread_blocked, id=855, stack(0x00007f0e6b0a9000,0x00007f0e6b1aa000)]
  0x00007f0ea41a9000 JavaThread "pool-1-thread-1" [_thread_blocked, id=854, stack(0x00007f0e6b1aa000,0x00007f0e6b2ab000)]
  0x00007f0ea40e5000 JavaThread "Service Thread" daemon [_thread_blocked, id=841, stack(0x00007f0e6b3ac000,0x00007f0e6b4ad000)]
  0x00007f0ea40c7800 JavaThread "C1 CompilerThread3" daemon [_thread_blocked, id=839, stack(0x00007f0e6b4ad000,0x00007f0e6b5ae000)]
  0x00007f0ea40c5800 JavaThread "C2 CompilerThread2" daemon [_thread_blocked, id=836, stack(0x00007f0e6b5ae000,0x00007f0e6b6af000)]
  0x00007f0ea40c3800 JavaThread "C2 CompilerThread1" daemon [_thread_blocked, id=832, stack(0x00007f0e6b6af000,0x00007f0e6b7b0000)]
  0x00007f0ea40c1000 JavaThread "C2 CompilerThread0" daemon [_thread_blocked, id=827, stack(0x00007f0e6b7b0000,0x00007f0e6b8b1000)]
  0x00007f0ea40bf800 JavaThread "Signal Dispatcher" daemon [_thread_blocked, id=821, stack(0x00007f0e6b8b1000,0x00007f0e6b9b2000)]
  0x00007f0ea408c800 JavaThread "Finalizer" daemon [_thread_blocked, id=814, stack(0x00007f0e6beff000,0x00007f0e6c000000)]
  0x00007f0ea4087800 JavaThread "Reference Handler" daemon [_thread_blocked, id=813, stack(0x00007f0e90066000,0x00007f0e90167000)]
  0x00007f0ea400a000 JavaThread "main" [_thread_blocked, id=766, stack(0x00007f0eab8b8000,0x00007f0eab9b9000)]

Other Threads:
=>0x00007f0ea4080000 VMThread [stack: 0x00007f0e90167000,0x00007f0e90268000] [id=807]
  0x00007f0ea40e7800 WatcherThread [stack: 0x00007f0e6b2ab000,0x00007f0e6b3ac000] [id=846]

VM state:at safepoint (normal execution)

VM Mutex/Monitor currently owned by a thread:  ([mutex/lock_event])
[0x00007f0ea4006570] Threads_lock - owner thread: 0x00007f0ea4080000
[0x00007f0ea4006a70] Heap_lock - owner thread: 0x00007f0ea41ae000

Heap:
 PSYoungGen      total 132096K, used 5089K [0x00000000eab00000, 0x00000000f3100000, 0x0000000100000000)
  eden space 126976K, 0% used [0x00000000eab00000,0x00000000eab00000,0x00000000f2700000)
  from space 5120K, 99% used [0x00000000f2700000,0x00000000f2bf8418,0x00000000f2c00000)
  to   space 5120K, 0% used [0x00000000f2c00000,0x00000000f2c00000,0x00000000f3100000)
 ParOldGen       total 84992K, used 42032K [0x00000000c0000000, 0x00000000c5300000, 0x00000000eab00000)
  object space 84992K, 49% used [0x00000000c0000000,0x00000000c290c0a8,0x00000000c5300000)
 Metaspace       used 6296K, capacity 7152K, committed 7296K, reserved 1056768K
  class space    used 595K, capacity 616K, committed 640K, reserved 1048576K

Card table byte_map: [0x00007f0ea8471000,0x00007f0ea8672000] byte_map_base: 0x00007f0ea7e71000

Marking Bits: (ParMarkBitMap*) 0x00007f0eaad8fd60
 Begin Bits: [0x00007f0e92afb000, 0x00007f0e93afb000)
 End Bits:   [0x00007f0e93afb000, 0x00007f0e94afb000)

Polling page: 0x00007f0eab9de000

CodeCache: size=245760Kb used=9015Kb max_used=9038Kb free=236744Kb
 bounds [0x00007f0e95000000, 0x00007f0e958e0000, 0x00007f0ea4000000]
 total_blobs=2408 nmethods=2139 adapters=182
 compilation: enabled

Compilation events (10 events):
Event: 16.897 Thread 0x00007f0ea40c7800 nmethod 2424 0x00007f0e9588dc90 code [0x00007f0e9588de00, 0x00007f0e9588e050]
Event: 16.897 Thread 0x00007f0ea40c7800 2430       3       com.android.dx.cf.direct.DirectClassFile::parse0 (901 bytes)
Event: 16.901 Thread 0x00007f0ea40c1000 nmethod 2434% 0x00007f0e958ba1d0 code [0x00007f0e958ba360, 0x00007f0e958ba7b8]
Event: 16.901 Thread 0x00007f0ea40c1000 2433       4       com.android.dx.ssa.SsaConverter::edgeSplitSuccessors (98 bytes)
Event: 16.936 Thread 0x00007f0ea40c7800 nmethod 2430 0x00007f0e958baad0 code [0x00007f0e958bbaa0, 0x00007f0e958c7b68]
Event: 16.936 Thread 0x00007f0ea40c7800 2454 % !   3       com.android.dx.cf.code.Ropper::processBlock @ 290 (1101 bytes)
Event: 16.939 Thread 0x00007f0ea40c5800 nmethod 2438 0x00007f0e958d6910 code [0x00007f0e958d6bc0, 0x00007f0e958d8778]
Event: 16.940 Thread 0x00007f0ea40c5800 2456       4       com.android.dx.ssa.back.IdenticalBlockCombiner::process (323 bytes)
Event: 16.945 Thread 0x00007f0ea40c1000 nmethod 2433 0x00007f0e958d4090 code [0x00007f0e958d4380, 0x00007f0e958d5408]
Event: 16.945 Thread 0x00007f0ea40c1000 2471       4       com.android.dx.ssa.back.SsaToRop::removePhiFunctions (83 bytes)

GC Heap History (9 events):
Event: 7.940 GC heap before
{Heap before GC invocations=1 (full 0):
 PSYoungGen      total 36864K, used 31744K [0x00000000eab00000, 0x00000000ed400000, 0x0000000100000000)
  eden space 31744K, 100% used [0x00000000eab00000,0x00000000eca00000,0x00000000eca00000)
  from space 5120K, 0% used [0x00000000ecf00000,0x00000000ecf00000,0x00000000ed400000)
  to   space 5120K, 0% used [0x00000000eca00000,0x00000000eca00000,0x00000000ecf00000)
 ParOldGen       total 84992K, used 0K [0x00000000c0000000, 0x00000000c5300000, 0x00000000eab00000)
  object space 84992K, 0% used [0x00000000c0000000,0x00000000c0000000,0x00000000c5300000)
 Metaspace       used 5711K, capacity 6704K, committed 6784K, reserved 1056768K
  class space    used 591K, capacity 616K, committed 640K, reserved 1048576K
Event: 8.033 GC heap after
Heap after GC invocations=1 (full 0):
 PSYoungGen      total 36864K, used 5094K [0x00000000eab00000, 0x00000000ef300000, 0x0000000100000000)
  eden space 31744K, 0% used [0x00000000eab00000,0x00000000eab00000,0x00000000eca00000)
  from space 5120K, 99% used [0x00000000eca00000,0x00000000ecef9920,0x00000000ecf00000)
  to   space 5120K, 0% used [0x00000000eee00000,0x00000000eee00000,0x00000000ef300000)
 ParOldGen       total 84992K, used 513K [0x00000000c0000000, 0x00000000c5300000, 0x00000000eab00000)
  object space 84992K, 0% used [0x00000000c0000000,0x00000000c0080578,0x00000000c5300000)
 Metaspace       used 5711K, capacity 6704K, committed 6784K, reserved 1056768K
  class space    used 591K, capacity 616K, committed 640K, reserved 1048576K
}
Event: 8.777 GC heap before
{Heap before GC invocations=2 (full 0):
 PSYoungGen      total 36864K, used 36838K [0x00000000eab00000, 0x00000000ef300000, 0x0000000100000000)
  eden space 31744K, 100% used [0x00000000eab00000,0x00000000eca00000,0x00000000eca00000)
  from space 5120K, 99% used [0x00000000eca00000,0x00000000ecef9920,0x00000000ecf00000)
  to   space 5120K, 0% used [0x00000000eee00000,0x00000000eee00000,0x00000000ef300000)
 ParOldGen       total 84992K, used 513K [0x00000000c0000000, 0x00000000c5300000, 0x00000000eab00000)
  object space 84992K, 0% used [0x00000000c0000000,0x00000000c0080578,0x00000000c5300000)
 Metaspace       used 5897K, capacity 6896K, committed 7040K, reserved 1056768K
  class space    used 593K, capacity 616K, committed 640K, reserved 1048576K
Event: 8.843 GC heap after
Heap after GC invocations=2 (full 0):
 PSYoungGen      total 68608K, used 5112K [0x00000000eab00000, 0x00000000ef300000, 0x0000000100000000)
  eden space 63488K, 0% used [0x00000000eab00000,0x00000000eab00000,0x00000000ee900000)
  from space 5120K, 99% used [0x00000000eee00000,0x00000000ef2fe3f8,0x00000000ef300000)
  to   space 5120K, 0% used [0x00000000ee900000,0x00000000ee900000,0x00000000eee00000)
 ParOldGen       total 84992K, used 3842K [0x00000000c0000000, 0x00000000c5300000, 0x00000000eab00000)
  object space 84992K, 4% used [0x00000000c0000000,0x00000000c03c0948,0x00000000c5300000)
 Metaspace       used 5897K, capacity 6896K, committed 7040K, reserved 1056768K
  class space    used 593K, capacity 616K, committed 640K, reserved 1048576K
}
Event: 10.398 GC heap before
{Heap before GC invocations=3 (full 0):
 PSYoungGen      total 68608K, used 68600K [0x00000000eab00000, 0x00000000ef300000, 0x0000000100000000)
  eden space 63488K, 100% used [0x00000000eab00000,0x00000000ee900000,0x00000000ee900000)
  from space 5120K, 99% used [0x00000000eee00000,0x00000000ef2fe3f8,0x00000000ef300000)
  to   space 5120K, 0% used [0x00000000ee900000,0x00000000ee900000,0x00000000eee00000)
 ParOldGen       total 84992K, used 3842K [0x00000000c0000000, 0x00000000c5300000, 0x00000000eab00000)
  object space 84992K, 4% used [0x00000000c0000000,0x00000000c03c0948,0x00000000c5300000)
 Metaspace       used 6054K, capacity 7024K, committed 7296K, reserved 1056768K
  class space    used 595K, capacity 616K, committed 640K, reserved 1048576K
Event: 10.480 GC heap after
Heap after GC invocations=3 (full 0):
 PSYoungGen      total 68608K, used 5117K [0x00000000eab00000, 0x00000000f3100000, 0x0000000100000000)
  eden space 63488K, 0% used [0x00000000eab00000,0x00000000eab00000,0x00000000ee900000)
  from space 5120K, 99% used [0x00000000ee900000,0x00000000eedff738,0x00000000eee00000)
  to   space 5120K, 0% used [0x00000000f2c00000,0x00000000f2c00000,0x00000000f3100000)
 ParOldGen       total 84992K, used 12575K [0x00000000c0000000, 0x00000000c5300000, 0x00000000eab00000)
  object space 84992K, 14% used [0x00000000c0000000,0x00000000c0c47d20,0x00000000c5300000)
 Metaspace       used 6054K, capacity 7024K, committed 7296K, reserved 1056768K
  class space    used 595K, capacity 616K, committed 640K, reserved 1048576K
}
Event: 12.942 GC heap before
{Heap before GC invocations=4 (full 0):
 PSYoungGen      total 68608K, used 68605K [0x00000000eab00000, 0x00000000f3100000, 0x0000000100000000)
  eden space 63488K, 100% used [0x00000000eab00000,0x00000000ee900000,0x00000000ee900000)
  from space 5120K, 99% used [0x00000000ee900000,0x00000000eedff738,0x00000000eee00000)
  to   space 5120K, 0% used [0x00000000f2c00000,0x00000000f2c00000,0x00000000f3100000)
 ParOldGen       total 84992K, used 12575K [0x00000000c0000000, 0x00000000c5300000, 0x00000000eab00000)
  object space 84992K, 14% used [0x00000000c0000000,0x00000000c0c47d20,0x00000000c5300000)
 Metaspace       used 6195K, capacity 7088K, committed 7296K, reserved 1056768K
  class space    used 595K, capacity 616K, committed 640K, reserved 1048576K
Event: 12.966 GC heap after
Heap after GC invocations=4 (full 0):
 PSYoungGen      total 132096K, used 5114K [0x00000000eab00000, 0x00000000f3100000, 0x0000000100000000)
  eden space 126976K, 0% used [0x00000000eab00000,0x00000000eab00000,0x00000000f2700000)
  from space 5120K, 99% used [0x00000000f2c00000,0x00000000f30feb58,0x00000000f3100000)
  to   space 5120K, 0% used [0x00000000f2700000,0x00000000f2700000,0x00000000f2c00000)
 ParOldGen       total 84992K, used 22049K [0x00000000c0000000, 0x00000000c5300000, 0x00000000eab00000)
  object space 84992K, 25% used [0x00000000c0000000,0x00000000c1588448,0x00000000c5300000)
 Metaspace       used 6195K, capacity 7088K, committed 7296K, reserved 1056768K
  class space    used 595K, capacity 616K, committed 640K, reserved 1048576K
}
Event: 16.979 GC heap before
{Heap before GC invocations=5 (full 0):
 PSYoungGen      total 132096K, used 132090K [0x00000000eab00000, 0x00000000f3100000, 0x0000000100000000)
  eden space 126976K, 100% used [0x00000000eab00000,0x00000000f2700000,0x00000000f2700000)
  from space 5120K, 99% used [0x00000000f2c00000,0x00000000f30feb58,0x00000000f3100000)
  to   space 5120K, 0% used [0x00000000f2700000,0x00000000f2700000,0x00000000f2c00000)
 ParOldGen       total 84992K, used 22049K [0x00000000c0000000, 0x00000000c5300000, 0x00000000eab00000)
  object space 84992K, 25% used [0x00000000c0000000,0x00000000c1588448,0x00000000c5300000)
 Metaspace       used 6296K, capacity 7152K, committed 7296K, reserved 1056768K
  class space    used 595K, capacity 616K, committed 640K, reserved 1048576K

Deoptimization events (10 events):
Event: 13.554 Thread 0x00007f0ea41ae000 Uncommon trap: reason=bimorphic action=maybe_recompile pc=0x00007f0e9562ad50 method=com.android.dx.cf.code.BytecodeArray.parseInstruction(ILcom/android/dx/cf/code/BytecodeArray$Visitor;)I @ 1357
Event: 13.555 Thread 0x00007f0ea41ae000 Uncommon trap: reason=bimorphic action=maybe_recompile pc=0x00007f0e9562ad50 method=com.android.dx.cf.code.BytecodeArray.parseInstruction(ILcom/android/dx/cf/code/BytecodeArray$Visitor;)I @ 1357
Event: 13.555 Thread 0x00007f0ea41ae000 Uncommon trap: reason=unstable_if action=reinterpret pc=0x00007f0e957b751c method=com.android.dx.ssa.Dominators.run()V @ 346
Event: 13.558 Thread 0x00007f0ea41b0800 Uncommon trap: reason=unstable_if action=reinterpret pc=0x00007f0e95376f88 method=com.android.dx.ssa.MoveParamCombiner$1.visitNonMoveInsn(Lcom/android/dx/ssa/NormalSsaInsn;)V @ 27
Event: 13.625 Thread 0x00007f0ea41a9000 Uncommon trap: reason=unstable_if action=reinterpret pc=0x00007f0e95792f54 method=com.android.dx.ssa.SCCP.simulateStmt(Lcom/android/dx/ssa/SsaInsn;)V @ 59
Event: 13.626 Thread 0x00007f0ea41a9000 Uncommon trap: reason=bimorphic action=maybe_recompile pc=0x00007f0e95668e9c method=com.android.dx.ssa.LiteralOpUpgrader.tryReplacingWithConstant(Lcom/android/dx/ssa/NormalSsaInsn;)Z @ 62
Event: 13.640 Thread 0x00007f0ea41a9000 Uncommon trap: reason=bimorphic action=maybe_recompile pc=0x00007f0e95668e9c method=com.android.dx.ssa.LiteralOpUpgrader.tryReplacingWithConstant(Lcom/android/dx/ssa/NormalSsaInsn;)Z @ 62
Event: 16.458 Thread 0x00007f0ea41af000 Uncommon trap: reason=unstable_if action=reinterpret pc=0x00007f0e957f04cc method=com.android.dx.ssa.InterferenceRegisterMapper.interferes(III)Z @ 35
Event: 16.959 Thread 0x00007f0ea41a9000 Uncommon trap: reason=bimorphic action=maybe_recompile pc=0x00007f0e958363e4 method=com.android.dx.cf.code.BytecodeArray.parseInstruction(ILcom/android/dx/cf/code/BytecodeArray$Visitor;)I @ 971
Event: 16.959 Thread 0x00007f0ea41a9000 Uncommon trap: reason=bimorphic action=maybe_recompile pc=0x00007f0e958363e4 method=com.android.dx.cf.code.BytecodeArray.parseInstruction(ILcom/android/dx/cf/code/BytecodeArray$Visitor;)I @ 971

Internal exceptions (5 events):
Event: 3.164 Thread 0x00007f0ea400a000 Exception <a 'java/lang/NoSuchMethodError': Method sun.misc.Unsafe.defineClass(Ljava/lang/String;[BII)Ljava/lang/Class; name or signature does not match> (0x00000000eab07cc0) thrown at [/HUDSON/workspace/8-2-build-linux-amd64/jdk8u91/6644/hotspot/src/shar
Event: 3.164 Thread 0x00007f0ea400a000 Exception <a 'java/lang/NoSuchMethodError': Method sun.misc.Unsafe.prefetchRead(Ljava/lang/Object;J)V name or signature does not match> (0x00000000eab07fa8) thrown at [/HUDSON/workspace/8-2-build-linux-amd64/jdk8u91/6644/hotspot/src/share/vm/prims/jni.cpp
Event: 7.918 Thread 0x00007f0ea41ae000 Implicit null exception at 0x00007f0e952286e2 to 0x00007f0e952287ed
Event: 9.089 Thread 0x00007f0ea41a9000 Implicit null exception at 0x00007f0e952d896c to 0x00007f0e952db979
Event: 12.980 Thread 0x00007f0ea41ae000 Implicit null exception at 0x00007f0e953e09f8 to 0x00007f0e953e2169

Events (10 events):
Event: 16.941 Thread 0x00007f0ea41b0800 DEOPT UNPACKING pc=0x00007f0e95047633 sp=0x00007f0e6aea4cb0 mode 0
Event: 16.952 Thread 0x00007f0ea41a9000 DEOPT PACKING pc=0x00007f0e9535fb2c sp=0x00007f0e6b2a8e30
Event: 16.952 Thread 0x00007f0ea41a9000 DEOPT UNPACKING pc=0x00007f0e95047633 sp=0x00007f0e6b2a8b30 mode 0
Event: 16.959 Thread 0x00007f0ea41a9000 Uncommon trap: trap_request=0xffffffc6 fr.pc=0x00007f0e958363e4
Event: 16.959 Thread 0x00007f0ea41a9000 DEOPT PACKING pc=0x00007f0e958363e4 sp=0x00007f0e6b2a8a30
Event: 16.959 Thread 0x00007f0ea41a9000 DEOPT UNPACKING pc=0x00007f0e95005229 sp=0x00007f0e6b2a89f8 mode 2
Event: 16.959 Thread 0x00007f0ea41a9000 Uncommon trap: trap_request=0xffffffc6 fr.pc=0x00007f0e958363e4
Event: 16.959 Thread 0x00007f0ea41a9000 DEOPT PACKING pc=0x00007f0e958363e4 sp=0x00007f0e6b2a8890
Event: 16.959 Thread 0x00007f0ea41a9000 DEOPT UNPACKING pc=0x00007f0e95005229 sp=0x00007f0e6b2a8858 mode 2
Event: 16.959 Executing VM operation: ParallelGCFailedAllocation


Dynamic libraries:
00400000-00401000 r-xp 00000000 08:04 6162920                            /usr/lib/jvm/java-8-oracle/bin/java
00600000-00601000 rw-p 00000000 08:04 6162920                            /usr/lib/jvm/java-8-oracle/bin/java
0182c000-0184d000 rw-p 00000000 00:00 0                                  [heap]
c0000000-c5300000 rw-p 00000000 00:00 0 
c5300000-eab00000 ---p 00000000 00:00 0 
eab00000-f3100000 rw-p 00000000 00:00 0 
fd700000-100000000 ---p 00000000 00:00 0 
100000000-1000a0000 rw-p 00000000 00:00 0 
1000a0000-140000000 ---p 00000000 00:00 0 
7f0e30000000-7f0e30021000 rw-p 00000000 00:00 0 
7f0e30021000-7f0e34000000 ---p 00000000 00:00 0 
7f0e34000000-7f0e34026000 rw-p 00000000 00:00 0 
7f0e34026000-7f0e38000000 ---p 00000000 00:00 0 
7f0e38000000-7f0e38021000 rw-p 00000000 00:00 0 
7f0e38021000-7f0e3c000000 ---p 00000000 00:00 0 
7f0e3c000000-7f0e3c030000 rw-p 00000000 00:00 0 
7f0e3c030000-7f0e40000000 ---p 00000000 00:00 0 
7f0e40000000-7f0e40021000 rw-p 00000000 00:00 0 
7f0e40021000-7f0e44000000 ---p 00000000 00:00 0 
7f0e44000000-7f0e44033000 rw-p 00000000 00:00 0 
7f0e44033000-7f0e48000000 ---p 00000000 00:00 0 
7f0e48000000-7f0e491dc000 rw-p 00000000 00:00 0 
7f0e491dc000-7f0e4c000000 ---p 00000000 00:00 0 
7f0e4c000000-7f0e4c021000 rw-p 00000000 00:00 0 
7f0e4c021000-7f0e50000000 ---p 00000000 00:00 0 
7f0e50000000-7f0e51246000 rw-p 00000000 00:00 0 
7f0e51246000-7f0e54000000 ---p 00000000 00:00 0 
7f0e54000000-7f0e54c1f000 rw-p 00000000 00:00 0 
7f0e54c1f000-7f0e58000000 ---p 00000000 00:00 0 
7f0e58000000-7f0e58021000 rw-p 00000000 00:00 0 
7f0e58021000-7f0e5c000000 ---p 00000000 00:00 0 
7f0e5c000000-7f0e5ccf5000 rw-p 00000000 00:00 0 
7f0e5ccf5000-7f0e60000000 ---p 00000000 00:00 0 
7f0e60000000-7f0e60021000 rw-p 00000000 00:00 0 
7f0e60021000-7f0e64000000 ---p 00000000 00:00 0 
7f0e64000000-7f0e64021000 rw-p 00000000 00:00 0 
7f0e64021000-7f0e68000000 ---p 00000000 00:00 0 
7f0e6ada6000-7f0e6ada9000 ---p 00000000 00:00 0 
7f0e6ada9000-7f0e6aea7000 rw-p 00000000 00:00 0 
7f0e6aea7000-7f0e6aeaa000 ---p 00000000 00:00 0 
7f0e6aeaa000-7f0e6afa8000 rw-p 00000000 00:00 0 
7f0e6afa8000-7f0e6afab000 ---p 00000000 00:00 0 
7f0e6afab000-7f0e6b0a9000 rw-p 00000000 00:00 0 
7f0e6b0a9000-7f0e6b0ac000 ---p 00000000 00:00 0 
7f0e6b0ac000-7f0e6b1aa000 rw-p 00000000 00:00 0 
7f0e6b1aa000-7f0e6b1ad000 ---p 00000000 00:00 0 
7f0e6b1ad000-7f0e6b2ab000 rw-p 00000000 00:00 0 
7f0e6b2ab000-7f0e6b2ac000 ---p 00000000 00:00 0 
7f0e6b2ac000-7f0e6b3ac000 rw-p 00000000 00:00 0 
7f0e6b3ac000-7f0e6b3af000 ---p 00000000 00:00 0 
7f0e6b3af000-7f0e6b4ad000 rw-p 00000000 00:00 0 
7f0e6b4ad000-7f0e6b4b0000 ---p 00000000 00:00 0 
7f0e6b4b0000-7f0e6b5ae000 rw-p 00000000 00:00 0 
7f0e6b5ae000-7f0e6b5b1000 ---p 00000000 00:00 0 
7f0e6b5b1000-7f0e6b6af000 rw-p 00000000 00:00 0 
7f0e6b6af000-7f0e6b6b2000 ---p 00000000 00:00 0 
7f0e6b6b2000-7f0e6b7b0000 rw-p 00000000 00:00 0 
7f0e6b7b0000-7f0e6b7b3000 ---p 00000000 00:00 0 
7f0e6b7b3000-7f0e6b8b1000 rw-p 00000000 00:00 0 
7f0e6b8b1000-7f0e6b8b4000 ---p 00000000 00:00 0 
7f0e6b8b4000-7f0e6b9b2000 rw-p 00000000 00:00 0 
7f0e6b9b2000-7f0e6beff000 r--p 00000000 08:04 5244329                    /usr/lib/locale/locale-archive
7f0e6beff000-7f0e6bf02000 ---p 00000000 00:00 0 
7f0e6bf02000-7f0e6c000000 rw-p 00000000 00:00 0 
7f0e6c000000-7f0e6c021000 rw-p 00000000 00:00 0 
7f0e6c021000-7f0e70000000 ---p 00000000 00:00 0 
7f0e70000000-7f0e70290000 rw-p 00000000 00:00 0 
7f0e70290000-7f0e74000000 ---p 00000000 00:00 0 
7f0e74000000-7f0e74021000 rw-p 00000000 00:00 0 
7f0e74021000-7f0e78000000 ---p 00000000 00:00 0 
7f0e78000000-7f0e78021000 rw-p 00000000 00:00 0 
7f0e78021000-7f0e7c000000 ---p 00000000 00:00 0 
7f0e7c000000-7f0e7c021000 rw-p 00000000 00:00 0 
7f0e7c021000-7f0e80000000 ---p 00000000 00:00 0 
7f0e80000000-7f0e80021000 rw-p 00000000 00:00 0 
7f0e80021000-7f0e84000000 ---p 00000000 00:00 0 
7f0e84000000-7f0e84021000 rw-p 00000000 00:00 0 
7f0e84021000-7f0e88000000 ---p 00000000 00:00 0 
7f0e88000000-7f0e88021000 rw-p 00000000 00:00 0 
7f0e88021000-7f0e8c000000 ---p 00000000 00:00 0 
7f0e8c000000-7f0e8c021000 rw-p 00000000 00:00 0 
7f0e8c021000-7f0e90000000 ---p 00000000 00:00 0 
7f0e9002c000-7f0e90051000 r--p 00000000 08:04 7093429                    /usr/share/locale-langpack/es/LC_MESSAGES/libc.mo
7f0e90051000-7f0e90066000 r--s 000d6000 08:04 15216854                   /home/christian/Dropbox/Android/CircleMenu-master/CircleMenu-master/app/build/intermediates/exploded-aar/com.android.support/support-v4/23.0.1/jars/classes.jar
7f0e90066000-7f0e90069000 ---p 00000000 00:00 0 
7f0e90069000-7f0e90167000 rw-p 00000000 00:00 0 
7f0e90167000-7f0e90168000 ---p 00000000 00:00 0 
7f0e90168000-7f0e91eac000 rw-p 00000000 00:00 0 
7f0e91eac000-7f0e92085000 r--s 03d1f000 08:04 6165409                    /usr/lib/jvm/java-8-oracle/jre/lib/rt.jar
7f0e92085000-7f0e9277b000 rw-p 00000000 00:00 0 
7f0e9277b000-7f0e928fb000 ---p 00000000 00:00 0 
7f0e928fb000-7f0e94afb000 rw-p 00000000 00:00 0 
7f0e94afb000-7f0e94afc000 ---p 00000000 00:00 0 
7f0e94afc000-7f0e94bfc000 rw-p 00000000 00:00 0 
7f0e94bfc000-7f0e94bfd000 ---p 00000000 00:00 0 
7f0e94bfd000-7f0e94cfd000 rw-p 00000000 00:00 0 
7f0e94cfd000-7f0e94cfe000 ---p 00000000 00:00 0 
7f0e94cfe000-7f0e94dfe000 rw-p 00000000 00:00 0 
7f0e94dfe000-7f0e94dff000 ---p 00000000 00:00 0 
7f0e94dff000-7f0e94eff000 rw-p 00000000 00:00 0 
7f0e94eff000-7f0e94f00000 ---p 00000000 00:00 0 
7f0e94f00000-7f0e95000000 rw-p 00000000 00:00 0 
7f0e95000000-7f0e958e0000 rwxp 00000000 00:00 0 
7f0e958e0000-7f0ea4000000 ---p 00000000 00:00 0 
7f0ea4000000-7f0ea43af000 rw-p 00000000 00:00 0 
7f0ea43af000-7f0ea8000000 ---p 00000000 00:00 0 
7f0ea8002000-7f0ea8009000 r--s 00000000 08:04 5514127                    /usr/lib/x86_64-linux-gnu/gconv/gconv-modules.cache
7f0ea8009000-7f0ea8018000 r--s 000df000 08:04 11667492                   /home/christian/Android/Sdk/build-tools/23.0.2/lib/dx.jar
7f0ea8018000-7f0ea8019000 ---p 00000000 00:00 0 
7f0ea8019000-7f0ea8119000 rw-p 00000000 00:00 0 
7f0ea8119000-7f0ea811a000 ---p 00000000 00:00 0 
7f0ea811a000-7f0ea821a000 rw-p 00000000 00:00 0 
7f0ea821a000-7f0ea821b000 ---p 00000000 00:00 0 
7f0ea821b000-7f0ea8345000 rw-p 00000000 00:00 0 
7f0ea8345000-7f0ea8471000 ---p 00000000 00:00 0 
7f0ea8471000-7f0ea849b000 rw-p 00000000 00:00 0 
7f0ea849b000-7f0ea85c6000 ---p 00000000 00:00 0 
7f0ea85c6000-7f0ea860a000 rw-p 00000000 00:00 0 
7f0ea860a000-7f0ea8671000 ---p 00000000 00:00 0 
7f0ea8671000-7f0ea8696000 rw-p 00000000 00:00 0 
7f0ea8696000-7f0ea8a32000 ---p 00000000 00:00 0 
7f0ea8a32000-7f0ea8a4c000 r-xp 00000000 08:04 6294993                    /usr/lib/jvm/java-8-oracle/jre/lib/amd64/libzip.so
7f0ea8a4c000-7f0ea8c4c000 ---p 0001a000 08:04 6294993                    /usr/lib/jvm/java-8-oracle/jre/lib/amd64/libzip.so
7f0ea8c4c000-7f0ea8c4d000 rw-p 0001a000 08:04 6294993                    /usr/lib/jvm/java-8-oracle/jre/lib/amd64/libzip.so
7f0ea8c4d000-7f0ea8c58000 r-xp 00000000 08:04 2098450                    /lib/x86_64-linux-gnu/libnss_files-2.23.so
7f0ea8c58000-7f0ea8e57000 ---p 0000b000 08:04 2098450                    /lib/x86_64-linux-gnu/libnss_files-2.23.so
7f0ea8e57000-7f0ea8e58000 r--p 0000a000 08:04 2098450                    /lib/x86_64-linux-gnu/libnss_files-2.23.so
7f0ea8e58000-7f0ea8e59000 rw-p 0000b000 08:04 2098450                    /lib/x86_64-linux-gnu/libnss_files-2.23.so
7f0ea8e59000-7f0ea8e5f000 rw-p 00000000 00:00 0 
7f0ea8e5f000-7f0ea8e6a000 r-xp 00000000 08:04 2098446                    /lib/x86_64-linux-gnu/libnss_nis-2.23.so
7f0ea8e6a000-7f0ea9069000 ---p 0000b000 08:04 2098446                    /lib/x86_64-linux-gnu/libnss_nis-2.23.so
7f0ea9069000-7f0ea906a000 r--p 0000a000 08:04 2098446                    /lib/x86_64-linux-gnu/libnss_nis-2.23.so
7f0ea906a000-7f0ea906b000 rw-p 0000b000 08:04 2098446                    /lib/x86_64-linux-gnu/libnss_nis-2.23.so
7f0ea906b000-7f0ea9081000 r-xp 00000000 08:04 2098444                    /lib/x86_64-linux-gnu/libnsl-2.23.so
7f0ea9081000-7f0ea9280000 ---p 00016000 08:04 2098444                    /lib/x86_64-linux-gnu/libnsl-2.23.so
7f0ea9280000-7f0ea9281000 r--p 00015000 08:04 2098444                    /lib/x86_64-linux-gnu/libnsl-2.23.so
7f0ea9281000-7f0ea9282000 rw-p 00016000 08:04 2098444                    /lib/x86_64-linux-gnu/libnsl-2.23.so
7f0ea9282000-7f0ea9284000 rw-p 00000000 00:00 0 
7f0ea9284000-7f0ea928c000 r-xp 00000000 08:04 2098442                    /lib/x86_64-linux-gnu/libnss_compat-2.23.so
7f0ea928c000-7f0ea948b000 ---p 00008000 08:04 2098442                    /lib/x86_64-linux-gnu/libnss_compat-2.23.so
7f0ea948b000-7f0ea948c000 r--p 00007000 08:04 2098442                    /lib/x86_64-linux-gnu/libnss_compat-2.23.so
7f0ea948c000-7f0ea948d000 rw-p 00008000 08:04 2098442                    /lib/x86_64-linux-gnu/libnss_compat-2.23.so
7f0ea948d000-7f0ea94b7000 r-xp 00000000 08:04 6294988                    /usr/lib/jvm/java-8-oracle/jre/lib/amd64/libjava.so
7f0ea94b7000-7f0ea96b7000 ---p 0002a000 08:04 6294988                    /usr/lib/jvm/java-8-oracle/jre/lib/amd64/libjava.so
7f0ea96b7000-7f0ea96b9000 rw-p 0002a000 08:04 6294988                    /usr/lib/jvm/java-8-oracle/jre/lib/amd64/libjava.so
7f0ea96b9000-7f0ea96c6000 r-xp 00000000 08:04 6294992                    /usr/lib/jvm/java-8-oracle/jre/lib/amd64/libverify.so
7f0ea96c6000-7f0ea98c6000 ---p 0000d000 08:04 6294992                    /usr/lib/jvm/java-8-oracle/jre/lib/amd64/libverify.so
7f0ea98c6000-7f0ea98c8000 rw-p 0000d000 08:04 6294992                    /usr/lib/jvm/java-8-oracle/jre/lib/amd64/libverify.so
7f0ea98c8000-7f0ea98cf000 r-xp 00000000 08:04 2098462                    /lib/x86_64-linux-gnu/librt-2.23.so
7f0ea98cf000-7f0ea9ace000 ---p 00007000 08:04 2098462                    /lib/x86_64-linux-gnu/librt-2.23.so
7f0ea9ace000-7f0ea9acf000 r--p 00006000 08:04 2098462                    /lib/x86_64-linux-gnu/librt-2.23.so
7f0ea9acf000-7f0ea9ad0000 rw-p 00007000 08:04 2098462                    /lib/x86_64-linux-gnu/librt-2.23.so
7f0ea9ad0000-7f0ea9bd8000 r-xp 00000000 08:04 2098458                    /lib/x86_64-linux-gnu/libm-2.23.so
7f0ea9bd8000-7f0ea9dd7000 ---p 00108000 08:04 2098458                    /lib/x86_64-linux-gnu/libm-2.23.so
7f0ea9dd7000-7f0ea9dd8000 r--p 00107000 08:04 2098458                    /lib/x86_64-linux-gnu/libm-2.23.so
7f0ea9dd8000-7f0ea9dd9000 rw-p 00108000 08:04 2098458                    /lib/x86_64-linux-gnu/libm-2.23.so
7f0ea9dd9000-7f0eaaa99000 r-xp 00000000 08:04 6294959                    /usr/lib/jvm/java-8-oracle/jre/lib/amd64/server/libjvm.so
7f0eaaa99000-7f0eaac99000 ---p 00cc0000 08:04 6294959                    /usr/lib/jvm/java-8-oracle/jre/lib/amd64/server/libjvm.so
7f0eaac99000-7f0eaad71000 rw-p 00cc0000 08:04 6294959                    /usr/lib/jvm/java-8-oracle/jre/lib/amd64/server/libjvm.so
7f0eaad71000-7f0eaadbc000 rw-p 00000000 00:00 0 
7f0eaadbc000-7f0eaaf7c000 r-xp 00000000 08:04 2098471                    /lib/x86_64-linux-gnu/libc-2.23.so
7f0eaaf7c000-7f0eab17b000 ---p 001c0000 08:04 2098471                    /lib/x86_64-linux-gnu/libc-2.23.so
7f0eab17b000-7f0eab17f000 r--p 001bf000 08:04 2098471                    /lib/x86_64-linux-gnu/libc-2.23.so
7f0eab17f000-7f0eab181000 rw-p 001c3000 08:04 2098471                    /lib/x86_64-linux-gnu/libc-2.23.so
7f0eab181000-7f0eab185000 rw-p 00000000 00:00 0 
7f0eab185000-7f0eab188000 r-xp 00000000 08:04 2098473                    /lib/x86_64-linux-gnu/libdl-2.23.so
7f0eab188000-7f0eab387000 ---p 00003000 08:04 2098473                    /lib/x86_64-linux-gnu/libdl-2.23.so
7f0eab387000-7f0eab388000 r--p 00002000 08:04 2098473                    /lib/x86_64-linux-gnu/libdl-2.23.so
7f0eab388000-7f0eab389000 rw-p 00003000 08:04 2098473                    /lib/x86_64-linux-gnu/libdl-2.23.so
7f0eab389000-7f0eab39e000 r-xp 00000000 08:04 6165270                    /usr/lib/jvm/java-8-oracle/lib/amd64/jli/libjli.so
7f0eab39e000-7f0eab59e000 ---p 00015000 08:04 6165270                    /usr/lib/jvm/java-8-oracle/lib/amd64/jli/libjli.so
7f0eab59e000-7f0eab59f000 rw-p 00015000 08:04 6165270                    /usr/lib/jvm/java-8-oracle/lib/amd64/jli/libjli.so
7f0eab59f000-7f0eab5b7000 r-xp 00000000 08:04 2098470                    /lib/x86_64-linux-gnu/libpthread-2.23.so
7f0eab5b7000-7f0eab7b6000 ---p 00018000 08:04 2098470                    /lib/x86_64-linux-gnu/libpthread-2.23.so
7f0eab7b6000-7f0eab7b7000 r--p 00017000 08:04 2098470                    /lib/x86_64-linux-gnu/libpthread-2.23.so
7f0eab7b7000-7f0eab7b8000 rw-p 00018000 08:04 2098470                    /lib/x86_64-linux-gnu/libpthread-2.23.so
7f0eab7b8000-7f0eab7bc000 rw-p 00000000 00:00 0 
7f0eab7bc000-7f0eab7e2000 r-xp 00000000 08:04 2098464                    /lib/x86_64-linux-gnu/ld-2.23.so
7f0eab7e6000-7f0eab8b8000 rw-p 00000000 00:00 0 
7f0eab8b8000-7f0eab8bb000 ---p 00000000 00:00 0 
7f0eab8bb000-7f0eab9bd000 rw-p 00000000 00:00 0 
7f0eab9c1000-7f0eab9d5000 rw-p 00000000 00:00 0 
7f0eab9d5000-7f0eab9dd000 rw-s 00000000 08:04 23855680                   /tmp/hsperfdata_christian/741
7f0eab9dd000-7f0eab9de000 rw-p 00000000 00:00 0 
7f0eab9de000-7f0eab9df000 ---p 00000000 00:00 0 
7f0eab9df000-7f0eab9e1000 rw-p 00000000 00:00 0 
7f0eab9e1000-7f0eab9e2000 r--p 00025000 08:04 2098464                    /lib/x86_64-linux-gnu/ld-2.23.so
7f0eab9e2000-7f0eab9e3000 rw-p 00026000 08:04 2098464                    /lib/x86_64-linux-gnu/ld-2.23.so
7f0eab9e3000-7f0eab9e4000 rw-p 00000000 00:00 0 
7ffc664ab000-7ffc664cc000 rw-p 00000000 00:00 0                          [stack]
7ffc66506000-7ffc66508000 r--p 00000000 00:00 0                          [vvar]
7ffc66508000-7ffc6650a000 r-xp 00000000 00:00 0                          [vdso]
ffffffffff600000-ffffffffff601000 r-xp 00000000 00:00 0                  [vsyscall]

VM Arguments:
jvm_args: -Djava.awt.headless=true -Xmx1024M -Dfile.encoding=UTF-8 -Duser.country=MX -Duser.language=es -Duser.variant 
java_command: com.android.dx.command.Main --dex --force-jumbo --num-threads=4 --output /home/christian/Dropbox/Android/CircleMenu-master/CircleMenu-master/app/build/intermediates/pre-dexed/debug/com.android.support-support-v4-23.0.1_5224fbfc46e95ea1e2be7045790e4e9a4fa2d331.jar /home/christian/Dropbox/Android/CircleMenu-master/CircleMenu-master/app/build/intermediates/exploded-aar/com.android.support/support-v4/23.0.1/jars/classes.jar
java_class_path (initial): /home/christian/Android/Sdk/build-tools/23.0.2/lib/dx.jar
Launcher Type: SUN_STANDARD

Environment Variables:
PATH=/home/christian/bin:/usr/local/sbin:/usr/local/bin:/usr/sbin:/usr/bin:/sbin:/bin:/usr/games:/usr/local/games:/snap/bin
USERNAME=christian
LD_LIBRARY_PATH=/home/christian/android-studio/bin:
SHELL=/bin/bash
DISPLAY=:1

Signal Handlers:
SIGSEGV: [libjvm.so+0xabca10], sa_mask[0]=11111111011111111101111111111110, sa_flags=SA_RESTART|SA_SIGINFO
SIGBUS: [libjvm.so+0xabca10], sa_mask[0]=11111111011111111101111111111110, sa_flags=SA_RESTART|SA_SIGINFO
SIGFPE: [libjvm.so+0x919a20], sa_mask[0]=11111111011111111101111111111110, sa_flags=SA_RESTART|SA_SIGINFO
SIGPIPE: [libjvm.so+0x919a20], sa_mask[0]=11111111011111111101111111111110, sa_flags=SA_RESTART|SA_SIGINFO
SIGXFSZ: [libjvm.so+0x919a20], sa_mask[0]=11111111011111111101111111111110, sa_flags=SA_RESTART|SA_SIGINFO
SIGILL: [libjvm.so+0x919a20], sa_mask[0]=11111111011111111101111111111110, sa_flags=SA_RESTART|SA_SIGINFO
SIGUSR1: SIG_DFL, sa_mask[0]=00000000000000000000000000000000, sa_flags=none
SIGUSR2: [libjvm.so+0x91b050], sa_mask[0]=00100000000000000000000000000000, sa_flags=SA_RESTART|SA_SIGINFO
SIGHUP: [libjvm.so+0x91c450], sa_mask[0]=11111111011111111101111111111110, sa_flags=SA_RESTART|SA_SIGINFO
SIGINT: [libjvm.so+0x91c450], sa_mask[0]=11111111011111111101111111111110, sa_flags=SA_RESTART|SA_SIGINFO
SIGTERM: [libjvm.so+0x91c450], sa_mask[0]=11111111011111111101111111111110, sa_flags=SA_RESTART|SA_SIGINFO
SIGQUIT: [libjvm.so+0x91c450], sa_mask[0]=11111111011111111101111111111110, sa_flags=SA_RESTART|SA_SIGINFO


---------------  S Y S T E M  ---------------

OS:DISTRIB_ID=Ubuntu
DISTRIB_RELEASE=16.04
DISTRIB_CODENAME=xenial
DISTRIB_DESCRIPTION="Ubuntu 16.04 LTS"

uname:Linux 4.4.0-28-generic #47-Ubuntu SMP Fri Jun 24 10:09:13 UTC 2016 x86_64
libc:glibc 2.23 NPTL 2.23 
rlimit: STACK 8192k, CORE 0k, NPROC 31194, NOFILE 65536, AS infinity
load average:7.99 2.15 0.85

/proc/meminfo:
MemTotal:        8098848 kB
MemFree:          325448 kB
MemAvailable:     272016 kB
Buffers:            2528 kB
Cached:           560924 kB
SwapCached:            0 kB
Active:          6132552 kB
Inactive:         488736 kB
Active(anon):    6107380 kB
Inactive(anon):   436472 kB
Active(file):      25172 kB
Inactive(file):    52264 kB
Unevictable:        4864 kB
Mlocked:            4864 kB
SwapTotal:             0 kB
SwapFree:              0 kB
Dirty:              1668 kB
Writeback:             0 kB
AnonPages:       6062868 kB
Mapped:          1057128 kB
Shmem:            485780 kB
Slab:             155460 kB
SReclaimable:      85616 kB
SUnreclaim:        69844 kB
KernelStack:       17856 kB
PageTables:        71860 kB
NFS_Unstable:          0 kB
Bounce:                0 kB
WritebackTmp:          0 kB
CommitLimit:     4049424 kB
Committed_AS:   15531576 kB
VmallocTotal:   34359738367 kB
VmallocUsed:           0 kB
VmallocChunk:          0 kB
HardwareCorrupted:     0 kB
AnonHugePages:   1875968 kB
CmaTotal:              0 kB
CmaFree:               0 kB
HugePages_Total:       0
HugePages_Free:        0
HugePages_Rsvd:        0
HugePages_Surp:        0
Hugepagesize:       2048 kB
DirectMap4k:      456600 kB
DirectMap2M:     7856128 kB
DirectMap1G:     1048576 kB


CPU:total 8 (4 cores per cpu, 2 threads per core) family 6 model 60 stepping 3, cmov, cx8, fxsr, mmx, sse, sse2, sse3, ssse3, sse4.1, sse4.2, popcnt, avx, avx2, aes, clmul, erms, lzcnt, ht, tsc, tscinvbit, bmi1, bmi2

/proc/cpuinfo:
processor	: 0
vendor_id	: GenuineIntel
cpu family	: 6
model		: 60
model name	: Intel(R) Core(TM) i7-4785T CPU @ 2.20GHz
stepping	: 3
microcode	: 0x1e
cpu MHz		: 2759.109
cache size	: 8192 KB
physical id	: 0
siblings	: 8
core id		: 0
cpu cores	: 4
apicid		: 0
initial apicid	: 0
fpu		: yes
fpu_exception	: yes
cpuid level	: 13
wp		: yes
flags		: fpu vme de pse tsc msr pae mce cx8 apic sep mtrr pge mca cmov pat pse36 clflush dts acpi mmx fxsr sse sse2 ss ht tm pbe syscall nx pdpe1gb rdtscp lm constant_tsc arch_perfmon pebs bts rep_good nopl xtopology nonstop_tsc aperfmperf eagerfpu pni pclmulqdq dtes64 monitor ds_cpl vmx smx est tm2 ssse3 sdbg fma cx16 xtpr pdcm pcid sse4_1 sse4_2 x2apic movbe popcnt tsc_deadline_timer aes xsave avx f16c rdrand lahf_lm abm epb tpr_shadow vnmi flexpriority ept vpid fsgsbase tsc_adjust bmi1 avx2 smep bmi2 erms invpcid xsaveopt dtherm ida arat pln pts
bugs		:
bogomips	: 4389.84
clflush size	: 64
cache_alignment	: 64
address sizes	: 39 bits physical, 48 bits virtual
power management:

processor	: 1
vendor_id	: GenuineIntel
cpu family	: 6
model		: 60
model name	: Intel(R) Core(TM) i7-4785T CPU @ 2.20GHz
stepping	: 3
microcode	: 0x1e
cpu MHz		: 2589.468
cache size	: 8192 KB
physical id	: 0
siblings	: 8
core id		: 1
cpu cores	: 4
apicid		: 2
initial apicid	: 2
fpu		: yes
fpu_exception	: yes
cpuid level	: 13
wp		: yes
flags		: fpu vme de pse tsc msr pae mce cx8 apic sep mtrr pge mca cmov pat pse36 clflush dts acpi mmx fxsr sse sse2 ss ht tm pbe syscall nx pdpe1gb rdtscp lm constant_tsc arch_perfmon pebs bts rep_good nopl xtopology nonstop_tsc aperfmperf eagerfpu pni pclmulqdq dtes64 monitor ds_cpl vmx smx est tm2 ssse3 sdbg fma cx16 xtpr pdcm pcid sse4_1 sse4_2 x2apic movbe popcnt tsc_deadline_timer aes xsave avx f16c rdrand lahf_lm abm epb tpr_shadow vnmi flexpriority ept vpid fsgsbase tsc_adjust bmi1 avx2 smep bmi2 erms invpcid xsaveopt dtherm ida arat pln pts
bugs		:
bogomips	: 4389.84
clflush size	: 64
cache_alignment	: 64
address sizes	: 39 bits physical, 48 bits virtual
power management:

processor	: 2
vendor_id	: GenuineIntel
cpu family	: 6
model		: 60
model name	: Intel(R) Core(TM) i7-4785T CPU @ 2.20GHz
stepping	: 3
microcode	: 0x1e
cpu MHz		: 2761.687
cache size	: 8192 KB
physical id	: 0
siblings	: 8
core id		: 2
cpu cores	: 4
apicid		: 4
initial apicid	: 4
fpu		: yes
fpu_exception	: yes
cpuid level	: 13
wp		: yes
flags		: fpu vme de pse tsc msr pae mce cx8 apic sep mtrr pge mca cmov pat pse36 clflush dts acpi mmx fxsr sse sse2 ss ht tm pbe syscall nx pdpe1gb rdtscp lm constant_tsc arch_perfmon pebs bts rep_good nopl xtopology nonstop_tsc aperfmperf eagerfpu pni pclmulqdq dtes64 monitor ds_cpl vmx smx est tm2 ssse3 sdbg fma cx16 xtpr pdcm pcid sse4_1 sse4_2 x2apic movbe popcnt tsc_deadline_timer aes xsave avx f16c rdrand lahf_lm abm epb tpr_shadow vnmi flexpriority ept vpid fsgsbase tsc_adjust bmi1 avx2 smep bmi2 erms invpcid xsaveopt dtherm ida arat pln pts
bugs		:
bogomips	: 4389.84
clflush size	: 64
cache_alignment	: 64
address sizes	: 39 bits physical, 48 bits virtual
power management:

processor	: 3
vendor_id	: GenuineIntel
cpu family	: 6
model		: 60
model name	: Intel(R) Core(TM) i7-4785T CPU @ 2.20GHz
stepping	: 3
microcode	: 0x1e
cpu MHz		: 3022.421
cache size	: 8192 KB
physical id	: 0
siblings	: 8
core id		: 3
cpu cores	: 4
apicid		: 6
initial apicid	: 6
fpu		: yes
fpu_exception	: yes
cpuid level	: 13
wp		: yes
flags		: fpu vme de pse tsc msr pae mce cx8 apic sep mtrr pge mca cmov pat pse36 clflush dts acpi mmx fxsr sse sse2 ss ht tm pbe syscall nx pdpe1gb rdtscp lm constant_tsc arch_perfmon pebs bts rep_good nopl xtopology nonstop_tsc aperfmperf eagerfpu pni pclmulqdq dtes64 monitor ds_cpl vmx smx est tm2 ssse3 sdbg fma cx16 xtpr pdcm pcid sse4_1 sse4_2 x2apic movbe popcnt tsc_deadline_timer aes xsave avx f16c rdrand lahf_lm abm epb tpr_shadow vnmi flexpriority ept vpid fsgsbase tsc_adjust bmi1 avx2 smep bmi2 erms invpcid xsaveopt dtherm ida arat pln pts
bugs		:
bogomips	: 4389.84
clflush size	: 64
cache_alignment	: 64
address sizes	: 39 bits physical, 48 bits virtual
power management:

processor	: 4
vendor_id	: GenuineIntel
cpu family	: 6
model		: 60
model name	: Intel(R) Core(TM) i7-4785T CPU @ 2.20GHz
stepping	: 3
microcode	: 0x1e
cpu MHz		: 2200.171
cache size	: 8192 KB
physical id	: 0
siblings	: 8
core id		: 0
cpu cores	: 4
apicid		: 1
initial apicid	: 1
fpu		: yes
fpu_exception	: yes
cpuid level	: 13
wp		: yes
flags		: fpu vme de pse tsc msr pae mce cx8 apic sep mtrr pge mca cmov pat pse36 clflush dts acpi mmx fxsr sse sse2 ss ht tm pbe syscall nx pdpe1gb rdtscp lm constant_tsc arch_perfmon pebs bts rep_good nopl xtopology nonstop_tsc aperfmperf eagerfpu pni pclmulqdq dtes64 monitor ds_cpl vmx smx est tm2 ssse3 sdbg fma cx16 xtpr pdcm pcid sse4_1 sse4_2 x2apic movbe popcnt tsc_deadline_timer aes xsave avx f16c rdrand lahf_lm abm epb tpr_shadow vnmi flexpriority ept vpid fsgsbase tsc_adjust bmi1 avx2 smep bmi2 erms invpcid xsaveopt dtherm ida arat pln pts
bugs		:
bogomips	: 4389.84
clflush size	: 64
cache_alignment	: 64
address sizes	: 39 bits physical, 48 bits virtual
power management:

processor	: 5
vendor_id	: GenuineIntel
cpu family	: 6
model		: 60
model name	: Intel(R) Core(TM) i7-4785T CPU @ 2.20GHz
stepping	: 3
microcode	: 0x1e
cpu MHz		: 2270.125
cache size	: 8192 KB
physical id	: 0
siblings	: 8
core id		: 1
cpu cores	: 4
apicid		: 3
initial apicid	: 3
fpu		: yes
fpu_exception	: yes
cpuid level	: 13
wp		: yes
flags		: fpu vme de pse tsc msr pae mce cx8 apic sep mtrr pge mca cmov pat pse36 clflush dts acpi mmx fxsr sse sse2 ss ht tm pbe syscall nx pdpe1gb rdtscp lm constant_tsc arch_perfmon pebs bts rep_good nopl xtopology nonstop_tsc aperfmperf eagerfpu pni pclmulqdq dtes64 monitor ds_cpl vmx smx est tm2 ssse3 sdbg fma cx16 xtpr pdcm pcid sse4_1 sse4_2 x2apic movbe popcnt tsc_deadline_timer aes xsave avx f16c rdrand lahf_lm abm epb tpr_shadow vnmi flexpriority ept vpid fsgsbase tsc_adjust bmi1 avx2 smep bmi2 erms invpcid xsaveopt dtherm ida arat pln pts
bugs		:
bogomips	: 4389.84
clflush size	: 64
cache_alignment	: 64
address sizes	: 39 bits physical, 48 bits virtual
power management:

processor	: 6
vendor_id	: GenuineIntel
cpu family	: 6
model		: 60
model name	: Intel(R) Core(TM) i7-4785T CPU @ 2.20GHz
stepping	: 3
microcode	: 0x1e
cpu MHz		: 2089.914
cache size	: 8192 KB
physical id	: 0
siblings	: 8
core id		: 2
cpu cores	: 4
apicid		: 5
initial apicid	: 5
fpu		: yes
fpu_exception	: yes
cpuid level	: 13
wp		: yes
flags		: fpu vme de pse tsc msr pae mce cx8 apic sep mtrr pge mca cmov pat pse36 clflush dts acpi mmx fxsr sse sse2 ss ht tm pbe syscall nx pdpe1gb rdtscp lm constant_tsc arch_perfmon pebs bts rep_good nopl xtopology nonstop_tsc aperfmperf eagerfpu pni pclmulqdq dtes64 monitor ds_cpl vmx smx est tm2 ssse3 sdbg fma cx16 xtpr pdcm pcid sse4_1 sse4_2 x2apic movbe popcnt tsc_deadline_timer aes xsave avx f16c rdrand lahf_lm abm epb tpr_shadow vnmi flexpriority ept vpid fsgsbase tsc_adjust bmi1 avx2 smep bmi2 erms invpcid xsaveopt dtherm ida arat pln pts
bugs		:
bogomips	: 4389.84
clflush size	: 64
cache_alignment	: 64
address sizes	: 39 bits physical, 48 bits virtual
power management:

processor	: 7
vendor_id	: GenuineIntel
cpu family	: 6
model		: 60
model name	: Intel(R) Core(TM) i7-4785T CPU @ 2.20GHz
stepping	: 3
microcode	: 0x1e
cpu MHz		: 2358.554
cache size	: 8192 KB
physical id	: 0
siblings	: 8
core id		: 3
cpu cores	: 4
apicid		: 7
initial apicid	: 7
fpu		: yes
fpu_exception	: yes
cpuid level	: 13
wp		: yes
flags		: fpu vme de pse tsc msr pae mce cx8 apic sep mtrr pge mca cmov pat pse36 clflush dts acpi mmx fxsr sse sse2 ss ht tm pbe syscall nx pdpe1gb rdtscp lm constant_tsc arch_perfmon pebs bts rep_good nopl xtopology nonstop_tsc aperfmperf eagerfpu pni pclmulqdq dtes64 monitor ds_cpl vmx smx est tm2 ssse3 sdbg fma cx16 xtpr pdcm pcid sse4_1 sse4_2 x2apic movbe popcnt tsc_deadline_timer aes xsave avx f16c rdrand lahf_lm abm epb tpr_shadow vnmi flexpriority ept vpid fsgsbase tsc_adjust bmi1 avx2 smep bmi2 erms invpcid xsaveopt dtherm ida arat pln pts
bugs		:
bogomips	: 4389.84
clflush size	: 64
cache_alignment	: 64
address sizes	: 39 bits physical, 48 bits virtual
power management:



Memory: 4k page, physical 8098848k(325448k free), swap 0k(0k free)

vm_info: Java HotSpot(TM) 64-Bit Server VM (25.91-b14) for linux-amd64 JRE (1.8.0_91-b14), built on Apr  1 2016 00:57:21 by "java_re" with gcc 4.3.0 20080428 (Red Hat 4.3.0-8)

time: Wed Jul  6 12:34:01 2016
elapsed time: 23 seconds (0d 0h 0m 23s)

